<?xml version="1.0" encoding="UTF-8"?>
<testsuite xmlns:xsi="http://www.w3.org/2001/XMLSchema-instance" xsi:noNamespaceSchemaLocation="https://maven.apache.org/surefire/maven-surefire-plugin/xsd/surefire-test-report-3.0.xsd" version="3.0" name="com.senai.ThymeLeaf.ThymeLeafApplicationTests" time="3.878" tests="1" errors="0" skipped="0" failures="0">
  <properties>
[...]
</properties>
  <testcase name="contextLoads" classname="com.senai.ThymeLeaf.ThymeLeafApplicationTests" time="0.411">
    <system-out><![CDATA[19:22:05.256 [main] INFO org.springframework.test.context.support.AnnotationConfigContextLoaderUtils -- Could not detect default configuration classes for test class [com.senai.ThymeLeaf.ThymeLeafApplicationTests]: ThymeLeafApplicationTests does not declare any static, non-private, non-final, nested classes annotated with @Configuration.
19:22:05.338 [main] INFO org.springframework.boot.test.context.SpringBootTestContextBootstrapper -- Found @SpringBootConfiguration com.senai.ThymeLeaf.ThymeLeafApplication for test class com.senai.ThymeLeaf.ThymeLeafApplicationTests

  .   ____          _            __ _ _
 /\\ / ___'_ __ _ _(_)_ __  __ _ \ \ \ \
( ( )\___ | '_ | '_| | '_ \/ _` | \ \ \ \
 \\/  ___)| |_)| | | | | || (_| |  ) ) ) )
  '  |____| .__|_| |_|_| |_\__, | / / / /
 =========|_|==============|___/=/_/_/_/
 :: Spring Boot ::               (v3.1.10)

2024-10-24T19:22:05.677-03:00  INFO 3548 --- [           main] c.s.ThymeLeaf.ThymeLeafApplicationTests  : Starting ThymeLeafApplicationTests using Java 20 with PID 3548 (started by leonardo_r_oliveira1 in C:\Users\leonardo_r_oliveira1\Downloads\Desenvolvimento-de-Sistemas-main\ThymeLeaf)
2024-10-24T19:22:05.678-03:00  INFO 3548 --- [           main] c.s.ThymeLeaf.ThymeLeafApplicationTests  : No active profile set, falling back to 1 default profile: "default"
2024-10-24T19:22:06.226-03:00  INFO 3548 --- [           main] .s.d.r.c.RepositoryConfigurationDelegate : Bootstrapping Spring Data JPA repositories in DEFAULT mode.
2024-10-24T19:22:06.283-03:00  INFO 3548 --- [           main] .s.d.r.c.RepositoryConfigurationDelegate : Finished Spring Data repository scanning in 47 ms. Found 1 JPA repository interface.
2024-10-24T19:22:06.628-03:00  INFO 3548 --- [           main] o.hibernate.jpa.internal.util.LogHelper  : HHH000204: Processing PersistenceUnitInfo [name: default]
2024-10-24T19:22:06.688-03:00  INFO 3548 --- [           main] org.hibernate.Version                    : HHH000412: Hibernate ORM core version 6.2.22.Final
2024-10-24T19:22:06.690-03:00  INFO 3548 --- [           main] org.hibernate.cfg.Environment            : HHH000406: Using bytecode reflection optimizer
2024-10-24T19:22:06.979-03:00  INFO 3548 --- [           main] o.s.o.j.p.SpringPersistenceUnitInfo      : No LoadTimeWeaver setup: ignoring JPA class transformer
2024-10-24T19:22:07.004-03:00  INFO 3548 --- [           main] com.zaxxer.hikari.HikariDataSource       : HikariPool-1 - Starting...
2024-10-24T19:22:07.112-03:00  INFO 3548 --- [           main] com.zaxxer.hikari.pool.HikariPool        : HikariPool-1 - Added connection org.mariadb.jdbc.Connection@582a3b19
2024-10-24T19:22:07.114-03:00  INFO 3548 --- [           main] com.zaxxer.hikari.HikariDataSource       : HikariPool-1 - Start completed.
2024-10-24T19:22:07.859-03:00  INFO 3548 --- [           main] o.h.e.t.j.p.i.JtaPlatformInitiator       : HHH000489: No JTA platform available (set 'hibernate.transaction.jta.platform' to enable JTA platform integration)
2024-10-24T19:22:07.909-03:00  INFO 3548 --- [           main] j.LocalContainerEntityManagerFactoryBean : Initialized JPA EntityManagerFactory for persistence unit 'default'
2024-10-24T19:22:08.273-03:00  WARN 3548 --- [           main] JpaBaseConfiguration$JpaWebConfiguration : spring.jpa.open-in-view is enabled by default. Therefore, database queries may be performed during view rendering. Explicitly configure spring.jpa.open-in-view to disable this warning
2024-10-24T19:22:08.569-03:00  INFO 3548 --- [           main] c.s.ThymeLeaf.ThymeLeafApplicationTests  : Started ThymeLeafApplicationTests in 3.104 seconds (process running for 3.877)
]]></system-out>
  </testcase>
</testsuite>